ALLUSERSPROFILE
APPDATA
CommonProgramFiles(x86)
CommonProgramFiles
CommonProgramW6432
COMPUTERNAME
ComSpec
CONTOOLS_ROOT
DFSTRACINGON
FP_NO_HOST_CHECK
HOMEDRIVE
HOMEPATH
LOCALAPPDATA
LOGONSERVER
NUMBER_OF_PROCESSORS
OS
Path=%SYSTEMROOT%\system32;%SYSTEMROOT%;%SYSTEMROOT%\system32\Wbem
PATHEXT
PROCESSOR_ARCHITECTURE
PROCESSOR_ARCHITEW6432
PROCESSOR_IDENTIFIER
PROCESSOR_LEVEL
PROCESSOR_REVISION
ProgramData
ProgramFiles(x86)
ProgramFiles
ProgramW6432
PROMPT
PUBLIC
SESSIONNAME
SystemDrive
SystemRoot
TEMP
TMP
TRACE_FORMAT_SEARCH_PATH
USERDOMAIN
USERNAME
USERPROFILE
winbootdir
windir
