ALLUSERSPROFILE
APPDATA
CLIENTNAME
CommonProgramFiles(x86)
CommonProgramFiles
CommonProgramW6432
COMPUTERNAME
ComSpec
CONTOOLS_ROOT
FP_NO_HOST_CHECK
HOMEDRIVE
HOMEPATH
LOGONSERVER
NUMBER_OF_PROCESSORS
OS
Path=%SYSTEMROOT%\system32;%SYSTEMROOT%;%SYSTEMROOT%\system32\Wbem
PATHEXT
PROCESSOR_ARCHITECTURE
PROCESSOR_ARCHITEW6432
PROCESSOR_IDENTIFIER
PROCESSOR_LEVEL
PROCESSOR_REVISION
ProgramFiles(x86)
ProgramFiles
ProgramW6432
PROMPT
SESSIONNAME
SystemDrive
SystemRoot
TEMP
TMP
USERDOMAIN
USERNAME
USERPROFILE
winbootdir
windir
