ALLUSERSPROFILE
APPDATA
CommonProgramFiles(x86)
CommonProgramFiles
CommonProgramW6432
COMPUTERNAME
ComSpec
configsetroot
CONTOOLS_ROOT
FP_NO_HOST_CHECK
HOMEDRIVE
HOMEPATH
LOCALAPPDATA
LOGONSERVER
NUMBER_OF_PROCESSORS
OS
Path=%SYSTEMROOT%\system32;%SYSTEMROOT%;%SYSTEMROOT%\system32\Wbem;%SYSTEMROOT%\System32\WindowsPowerShell\v1.0\
PATHEXT
PROCESSOR_ARCHITECTURE
PROCESSOR_ARCHITEW6432
PROCESSOR_IDENTIFIER
PROCESSOR_LEVEL
PROCESSOR_REVISION
ProgramData
ProgramFiles(x86)
ProgramFiles
ProgramW6432
PROMPT
PSModulePath
PUBLIC
SESSIONNAME
SystemDrive
SystemRoot
TEMP
TMP
USERDOMAIN_ROAMINGPROFILE
USERDOMAIN
USERNAME
USERPROFILE
winbootdir
windir
